2012/12/26 13:18:22 [error] [exception.CException] exception 'CException' with message 'Alias "bootstrap.widgets.TbMenu" is invalid. Make sure it points to an existing directory or file.' in W:\domains\email.local\framework\YiiBase.php:343
Stack trace:
#0 W:\domains\email.local\framework\web\CWidgetFactory.php(147): YiiBase::import('bootstrap.widge...', true)
#1 W:\domains\email.local\framework\web\CBaseController.php(147): CWidgetFactory->createWidget(Object(SiteController), 'bootstrap.widge...', Array)
#2 W:\domains\email.local\framework\web\CBaseController.php(173): CBaseController->createWidget('bootstrap.widge...', Array)
#3 W:\domains\email.local\protected\views\layouts\main.php(85): CBaseController->widget('bootstrap.widge...', Array)
#4 W:\domains\email.local\framework\web\CBaseController.php(127): require('W:\domains\emai...')
#5 W:\domains\email.local\framework\web\CBaseController.php(96): CBaseController->renderInternal('W:\domains\emai...', Array, true)
#6 W:\domains\email.local\framework\web\widgets\CContentDecorator.php(77): CBaseController->renderFile('W:\domains\emai...', Array, true)
#7 W:\domains\email.local\framework\web\widgets\CContentDecorator.php(55): CContentDecorator->decorate('<div id="conten...')
#8 W:\domains\email.local\framework\web\widgets\COutputProcessor.php(45): CContentDecorator->processOutput('<div id="conten...')
#9 W:\domains\email.local\framework\web\CBaseController.php(207): COutputProcessor->run()
#10 W:\domains\email.local\framework\web\CBaseController.php(301): CBaseController->endWidget('CContentDecorat...')
#11 W:\domains\email.local\protected\views\layouts\column1.php(6): CBaseController->endContent()
#12 W:\domains\email.local\framework\web\CBaseController.php(127): require('W:\domains\emai...')
#13 W:\domains\email.local\framework\web\CBaseController.php(96): CBaseController->renderInternal('W:\domains\emai...', Array, true)
#14 W:\domains\email.local\framework\web\CController.php(785): CBaseController->renderFile('W:\domains\emai...', Array, true)
#15 W:\domains\email.local\protected\controllers\SiteController.php(32): CController->render('index')
#16 W:\domains\email.local\framework\web\actions\CInlineAction.php(50): SiteController->actionIndex()
#17 W:\domains\email.local\framework\web\CController.php(309): CInlineAction->runWithParams(Array)
#18 W:\domains\email.local\framework\web\CController.php(287): CController->runAction(Object(CInlineAction))
#19 W:\domains\email.local\framework\web\CController.php(266): CController->runActionWithFilters(Object(CInlineAction), Array)
#20 W:\domains\email.local\framework\web\CWebApplication.php(283): CController->run('')
#21 W:\domains\email.local\framework\web\CWebApplication.php(142): CWebApplication->runController('')
#22 W:\domains\email.local\framework\base\CApplication.php(162): CWebApplication->processRequest()
#23 W:\domains\email.local\index.php(13): CApplication->run()
#24 {main}
REQUEST_URI=/
---
2012/12/26 13:19:38 [error] [exception.CException] exception 'CException' with message 'Alias "bootstrap.widgets.TbMenu" is invalid. Make sure it points to an existing directory or file.' in W:\domains\email.local\framework\YiiBase.php:343
Stack trace:
#0 W:\domains\email.local\framework\web\CWidgetFactory.php(147): YiiBase::import('bootstrap.widge...', true)
#1 W:\domains\email.local\framework\web\CBaseController.php(147): CWidgetFactory->createWidget(Object(SiteController), 'bootstrap.widge...', Array)
#2 W:\domains\email.local\framework\web\CBaseController.php(173): CBaseController->createWidget('bootstrap.widge...', Array)
#3 W:\domains\email.local\protected\views\layouts\main.php(86): CBaseController->widget('bootstrap.widge...', Array)
#4 W:\domains\email.local\framework\web\CBaseController.php(127): require('W:\domains\emai...')
#5 W:\domains\email.local\framework\web\CBaseController.php(96): CBaseController->renderInternal('W:\domains\emai...', Array, true)
#6 W:\domains\email.local\framework\web\widgets\CContentDecorator.php(77): CBaseController->renderFile('W:\domains\emai...', Array, true)
#7 W:\domains\email.local\framework\web\widgets\CContentDecorator.php(55): CContentDecorator->decorate('<div id="conten...')
#8 W:\domains\email.local\framework\web\widgets\COutputProcessor.php(45): CContentDecorator->processOutput('<div id="conten...')
#9 W:\domains\email.local\framework\web\CBaseController.php(207): COutputProcessor->run()
#10 W:\domains\email.local\framework\web\CBaseController.php(301): CBaseController->endWidget('CContentDecorat...')
#11 W:\domains\email.local\protected\views\layouts\column1.php(6): CBaseController->endContent()
#12 W:\domains\email.local\framework\web\CBaseController.php(127): require('W:\domains\emai...')
#13 W:\domains\email.local\framework\web\CBaseController.php(96): CBaseController->renderInternal('W:\domains\emai...', Array, true)
#14 W:\domains\email.local\framework\web\CController.php(785): CBaseController->renderFile('W:\domains\emai...', Array, true)
#15 W:\domains\email.local\protected\controllers\SiteController.php(32): CController->render('index')
#16 W:\domains\email.local\framework\web\actions\CInlineAction.php(50): SiteController->actionIndex()
#17 W:\domains\email.local\framework\web\CController.php(309): CInlineAction->runWithParams(Array)
#18 W:\domains\email.local\framework\web\CController.php(287): CController->runAction(Object(CInlineAction))
#19 W:\domains\email.local\framework\web\CController.php(266): CController->runActionWithFilters(Object(CInlineAction), Array)
#20 W:\domains\email.local\framework\web\CWebApplication.php(283): CController->run('')
#21 W:\domains\email.local\framework\web\CWebApplication.php(142): CWebApplication->runController('')
#22 W:\domains\email.local\framework\base\CApplication.php(162): CWebApplication->processRequest()
#23 W:\domains\email.local\index.php(13): CApplication->run()
#24 {main}
REQUEST_URI=/
---
2012/12/26 13:19:39 [error] [exception.CException] exception 'CException' with message 'Alias "bootstrap.widgets.TbMenu" is invalid. Make sure it points to an existing directory or file.' in W:\domains\email.local\framework\YiiBase.php:343
Stack trace:
#0 W:\domains\email.local\framework\web\CWidgetFactory.php(147): YiiBase::import('bootstrap.widge...', true)
#1 W:\domains\email.local\framework\web\CBaseController.php(147): CWidgetFactory->createWidget(Object(SiteController), 'bootstrap.widge...', Array)
#2 W:\domains\email.local\framework\web\CBaseController.php(173): CBaseController->createWidget('bootstrap.widge...', Array)
#3 W:\domains\email.local\protected\views\layouts\main.php(86): CBaseController->widget('bootstrap.widge...', Array)
#4 W:\domains\email.local\framework\web\CBaseController.php(127): require('W:\domains\emai...')
#5 W:\domains\email.local\framework\web\CBaseController.php(96): CBaseController->renderInternal('W:\domains\emai...', Array, true)
#6 W:\domains\email.local\framework\web\widgets\CContentDecorator.php(77): CBaseController->renderFile('W:\domains\emai...', Array, true)
#7 W:\domains\email.local\framework\web\widgets\CContentDecorator.php(55): CContentDecorator->decorate('<div id="conten...')
#8 W:\domains\email.local\framework\web\widgets\COutputProcessor.php(45): CContentDecorator->processOutput('<div id="conten...')
#9 W:\domains\email.local\framework\web\CBaseController.php(207): COutputProcessor->run()
#10 W:\domains\email.local\framework\web\CBaseController.php(301): CBaseController->endWidget('CContentDecorat...')
#11 W:\domains\email.local\protected\views\layouts\column1.php(6): CBaseController->endContent()
#12 W:\domains\email.local\framework\web\CBaseController.php(127): require('W:\domains\emai...')
#13 W:\domains\email.local\framework\web\CBaseController.php(96): CBaseController->renderInternal('W:\domains\emai...', Array, true)
#14 W:\domains\email.local\framework\web\CController.php(785): CBaseController->renderFile('W:\domains\emai...', Array, true)
#15 W:\domains\email.local\protected\controllers\SiteController.php(32): CController->render('index')
#16 W:\domains\email.local\framework\web\actions\CInlineAction.php(50): SiteController->actionIndex()
#17 W:\domains\email.local\framework\web\CController.php(309): CInlineAction->runWithParams(Array)
#18 W:\domains\email.local\framework\web\CController.php(287): CController->runAction(Object(CInlineAction))
#19 W:\domains\email.local\framework\web\CController.php(266): CController->runActionWithFilters(Object(CInlineAction), Array)
#20 W:\domains\email.local\framework\web\CWebApplication.php(283): CController->run('')
#21 W:\domains\email.local\framework\web\CWebApplication.php(142): CWebApplication->runController('')
#22 W:\domains\email.local\framework\base\CApplication.php(162): CWebApplication->processRequest()
#23 W:\domains\email.local\index.php(13): CApplication->run()
#24 {main}
REQUEST_URI=/
---
2012/12/26 13:20:27 [error] [exception.CException] exception 'CException' with message 'Alias "bootstrap.widgets.TbMenu" is invalid. Make sure it points to an existing directory or file.' in W:\domains\email.local\framework\YiiBase.php:343
Stack trace:
#0 W:\domains\email.local\framework\web\CWidgetFactory.php(147): YiiBase::import('bootstrap.widge...', true)
#1 W:\domains\email.local\framework\web\CBaseController.php(147): CWidgetFactory->createWidget(Object(SiteController), 'bootstrap.widge...', Array)
#2 W:\domains\email.local\framework\web\CBaseController.php(173): CBaseController->createWidget('bootstrap.widge...', Array)
#3 W:\domains\email.local\protected\views\layouts\main.php(86): CBaseController->widget('bootstrap.widge...', Array)
#4 W:\domains\email.local\framework\web\CBaseController.php(127): require('W:\domains\emai...')
#5 W:\domains\email.local\framework\web\CBaseController.php(96): CBaseController->renderInternal('W:\domains\emai...', Array, true)
#6 W:\domains\email.local\framework\web\widgets\CContentDecorator.php(77): CBaseController->renderFile('W:\domains\emai...', Array, true)
#7 W:\domains\email.local\framework\web\widgets\CContentDecorator.php(55): CContentDecorator->decorate('<div id="conten...')
#8 W:\domains\email.local\framework\web\widgets\COutputProcessor.php(45): CContentDecorator->processOutput('<div id="conten...')
#9 W:\domains\email.local\framework\web\CBaseController.php(207): COutputProcessor->run()
#10 W:\domains\email.local\framework\web\CBaseController.php(301): CBaseController->endWidget('CContentDecorat...')
#11 W:\domains\email.local\protected\views\layouts\column1.php(6): CBaseController->endContent()
#12 W:\domains\email.local\framework\web\CBaseController.php(127): require('W:\domains\emai...')
#13 W:\domains\email.local\framework\web\CBaseController.php(96): CBaseController->renderInternal('W:\domains\emai...', Array, true)
#14 W:\domains\email.local\framework\web\CController.php(785): CBaseController->renderFile('W:\domains\emai...', Array, true)
#15 W:\domains\email.local\protected\controllers\SiteController.php(32): CController->render('index')
#16 W:\domains\email.local\framework\web\actions\CInlineAction.php(50): SiteController->actionIndex()
#17 W:\domains\email.local\framework\web\CController.php(309): CInlineAction->runWithParams(Array)
#18 W:\domains\email.local\framework\web\CController.php(287): CController->runAction(Object(CInlineAction))
#19 W:\domains\email.local\framework\web\CController.php(266): CController->runActionWithFilters(Object(CInlineAction), Array)
#20 W:\domains\email.local\framework\web\CWebApplication.php(283): CController->run('')
#21 W:\domains\email.local\framework\web\CWebApplication.php(142): CWebApplication->runController('')
#22 W:\domains\email.local\framework\base\CApplication.php(162): CWebApplication->processRequest()
#23 W:\domains\email.local\index.php(13): CApplication->run()
#24 {main}
REQUEST_URI=/
---
2012/12/26 13:20:28 [error] [exception.CException] exception 'CException' with message 'Alias "bootstrap.widgets.TbMenu" is invalid. Make sure it points to an existing directory or file.' in W:\domains\email.local\framework\YiiBase.php:343
Stack trace:
#0 W:\domains\email.local\framework\web\CWidgetFactory.php(147): YiiBase::import('bootstrap.widge...', true)
#1 W:\domains\email.local\framework\web\CBaseController.php(147): CWidgetFactory->createWidget(Object(SiteController), 'bootstrap.widge...', Array)
#2 W:\domains\email.local\framework\web\CBaseController.php(173): CBaseController->createWidget('bootstrap.widge...', Array)
#3 W:\domains\email.local\protected\views\layouts\main.php(86): CBaseController->widget('bootstrap.widge...', Array)
#4 W:\domains\email.local\framework\web\CBaseController.php(127): require('W:\domains\emai...')
#5 W:\domains\email.local\framework\web\CBaseController.php(96): CBaseController->renderInternal('W:\domains\emai...', Array, true)
#6 W:\domains\email.local\framework\web\widgets\CContentDecorator.php(77): CBaseController->renderFile('W:\domains\emai...', Array, true)
#7 W:\domains\email.local\framework\web\widgets\CContentDecorator.php(55): CContentDecorator->decorate('<div id="conten...')
#8 W:\domains\email.local\framework\web\widgets\COutputProcessor.php(45): CContentDecorator->processOutput('<div id="conten...')
#9 W:\domains\email.local\framework\web\CBaseController.php(207): COutputProcessor->run()
#10 W:\domains\email.local\framework\web\CBaseController.php(301): CBaseController->endWidget('CContentDecorat...')
#11 W:\domains\email.local\protected\views\layouts\column1.php(6): CBaseController->endContent()
#12 W:\domains\email.local\framework\web\CBaseController.php(127): require('W:\domains\emai...')
#13 W:\domains\email.local\framework\web\CBaseController.php(96): CBaseController->renderInternal('W:\domains\emai...', Array, true)
#14 W:\domains\email.local\framework\web\CController.php(785): CBaseController->renderFile('W:\domains\emai...', Array, true)
#15 W:\domains\email.local\protected\controllers\SiteController.php(32): CController->render('index')
#16 W:\domains\email.local\framework\web\actions\CInlineAction.php(50): SiteController->actionIndex()
#17 W:\domains\email.local\framework\web\CController.php(309): CInlineAction->runWithParams(Array)
#18 W:\domains\email.local\framework\web\CController.php(287): CController->runAction(Object(CInlineAction))
#19 W:\domains\email.local\framework\web\CController.php(266): CController->runActionWithFilters(Object(CInlineAction), Array)
#20 W:\domains\email.local\framework\web\CWebApplication.php(283): CController->run('')
#21 W:\domains\email.local\framework\web\CWebApplication.php(142): CWebApplication->runController('')
#22 W:\domains\email.local\framework\base\CApplication.php(162): CWebApplication->processRequest()
#23 W:\domains\email.local\index.php(13): CApplication->run()
#24 {main}
REQUEST_URI=/
---
2012/12/26 13:20:30 [error] [exception.CException] exception 'CException' with message 'Alias "bootstrap.widgets.TbMenu" is invalid. Make sure it points to an existing directory or file.' in W:\domains\email.local\framework\YiiBase.php:343
Stack trace:
#0 W:\domains\email.local\framework\web\CWidgetFactory.php(147): YiiBase::import('bootstrap.widge...', true)
#1 W:\domains\email.local\framework\web\CBaseController.php(147): CWidgetFactory->createWidget(Object(SiteController), 'bootstrap.widge...', Array)
#2 W:\domains\email.local\framework\web\CBaseController.php(173): CBaseController->createWidget('bootstrap.widge...', Array)
#3 W:\domains\email.local\protected\views\layouts\main.php(86): CBaseController->widget('bootstrap.widge...', Array)
#4 W:\domains\email.local\framework\web\CBaseController.php(127): require('W:\domains\emai...')
#5 W:\domains\email.local\framework\web\CBaseController.php(96): CBaseController->renderInternal('W:\domains\emai...', Array, true)
#6 W:\domains\email.local\framework\web\widgets\CContentDecorator.php(77): CBaseController->renderFile('W:\domains\emai...', Array, true)
#7 W:\domains\email.local\framework\web\widgets\CContentDecorator.php(55): CContentDecorator->decorate('<div id="conten...')
#8 W:\domains\email.local\framework\web\widgets\COutputProcessor.php(45): CContentDecorator->processOutput('<div id="conten...')
#9 W:\domains\email.local\framework\web\CBaseController.php(207): COutputProcessor->run()
#10 W:\domains\email.local\framework\web\CBaseController.php(301): CBaseController->endWidget('CContentDecorat...')
#11 W:\domains\email.local\protected\views\layouts\column1.php(6): CBaseController->endContent()
#12 W:\domains\email.local\framework\web\CBaseController.php(127): require('W:\domains\emai...')
#13 W:\domains\email.local\framework\web\CBaseController.php(96): CBaseController->renderInternal('W:\domains\emai...', Array, true)
#14 W:\domains\email.local\framework\web\CController.php(785): CBaseController->renderFile('W:\domains\emai...', Array, true)
#15 W:\domains\email.local\protected\controllers\SiteController.php(32): CController->render('index')
#16 W:\domains\email.local\framework\web\actions\CInlineAction.php(50): SiteController->actionIndex()
#17 W:\domains\email.local\framework\web\CController.php(309): CInlineAction->runWithParams(Array)
#18 W:\domains\email.local\framework\web\CController.php(287): CController->runAction(Object(CInlineAction))
#19 W:\domains\email.local\framework\web\CController.php(266): CController->runActionWithFilters(Object(CInlineAction), Array)
#20 W:\domains\email.local\framework\web\CWebApplication.php(283): CController->run('')
#21 W:\domains\email.local\framework\web\CWebApplication.php(142): CWebApplication->runController('')
#22 W:\domains\email.local\framework\base\CApplication.php(162): CWebApplication->processRequest()
#23 W:\domains\email.local\index.php(13): CApplication->run()
#24 {main}
REQUEST_URI=/
---
2012/12/26 13:21:41 [error] [exception.CException] exception 'CException' with message 'Alias "bootstrap.widgets.TbMenu" is invalid. Make sure it points to an existing directory or file.' in W:\domains\email.local\framework\YiiBase.php:343
Stack trace:
#0 W:\domains\email.local\framework\web\CWidgetFactory.php(147): YiiBase::import('bootstrap.widge...', true)
#1 W:\domains\email.local\framework\web\CBaseController.php(147): CWidgetFactory->createWidget(Object(SiteController), 'bootstrap.widge...', Array)
#2 W:\domains\email.local\framework\web\CBaseController.php(173): CBaseController->createWidget('bootstrap.widge...', Array)
#3 W:\domains\email.local\protected\views\layouts\main.php(86): CBaseController->widget('bootstrap.widge...', Array)
#4 W:\domains\email.local\framework\web\CBaseController.php(127): require('W:\domains\emai...')
#5 W:\domains\email.local\framework\web\CBaseController.php(96): CBaseController->renderInternal('W:\domains\emai...', Array, true)
#6 W:\domains\email.local\framework\web\widgets\CContentDecorator.php(77): CBaseController->renderFile('W:\domains\emai...', Array, true)
#7 W:\domains\email.local\framework\web\widgets\CContentDecorator.php(55): CContentDecorator->decorate('<div id="conten...')
#8 W:\domains\email.local\framework\web\widgets\COutputProcessor.php(45): CContentDecorator->processOutput('<div id="conten...')
#9 W:\domains\email.local\framework\web\CBaseController.php(207): COutputProcessor->run()
#10 W:\domains\email.local\framework\web\CBaseController.php(301): CBaseController->endWidget('CContentDecorat...')
#11 W:\domains\email.local\protected\views\layouts\column1.php(6): CBaseController->endContent()
#12 W:\domains\email.local\framework\web\CBaseController.php(127): require('W:\domains\emai...')
#13 W:\domains\email.local\framework\web\CBaseController.php(96): CBaseController->renderInternal('W:\domains\emai...', Array, true)
#14 W:\domains\email.local\framework\web\CController.php(785): CBaseController->renderFile('W:\domains\emai...', Array, true)
#15 W:\domains\email.local\protected\controllers\SiteController.php(32): CController->render('index')
#16 W:\domains\email.local\framework\web\actions\CInlineAction.php(50): SiteController->actionIndex()
#17 W:\domains\email.local\framework\web\CController.php(309): CInlineAction->runWithParams(Array)
#18 W:\domains\email.local\framework\web\CController.php(287): CController->runAction(Object(CInlineAction))
#19 W:\domains\email.local\framework\web\CController.php(266): CController->runActionWithFilters(Object(CInlineAction), Array)
#20 W:\domains\email.local\framework\web\CWebApplication.php(283): CController->run('')
#21 W:\domains\email.local\framework\web\CWebApplication.php(142): CWebApplication->runController('')
#22 W:\domains\email.local\framework\base\CApplication.php(162): CWebApplication->processRequest()
#23 W:\domains\email.local\index.php(13): CApplication->run()
#24 {main}
REQUEST_URI=/
---
2012/12/26 13:21:51 [error] [exception.CException] exception 'CException' with message 'Alias "bootstrap.widgets.TbMenu" is invalid. Make sure it points to an existing directory or file.' in W:\domains\email.local\framework\YiiBase.php:343
Stack trace:
#0 W:\domains\email.local\framework\web\CWidgetFactory.php(147): YiiBase::import('bootstrap.widge...', true)
#1 W:\domains\email.local\framework\web\CBaseController.php(147): CWidgetFactory->createWidget(Object(SiteController), 'bootstrap.widge...', Array)
#2 W:\domains\email.local\framework\web\CBaseController.php(173): CBaseController->createWidget('bootstrap.widge...', Array)
#3 W:\domains\email.local\protected\views\layouts\main.php(86): CBaseController->widget('bootstrap.widge...', Array)
#4 W:\domains\email.local\framework\web\CBaseController.php(127): require('W:\domains\emai...')
#5 W:\domains\email.local\framework\web\CBaseController.php(96): CBaseController->renderInternal('W:\domains\emai...', Array, true)
#6 W:\domains\email.local\framework\web\widgets\CContentDecorator.php(77): CBaseController->renderFile('W:\domains\emai...', Array, true)
#7 W:\domains\email.local\framework\web\widgets\CContentDecorator.php(55): CContentDecorator->decorate('<div id="conten...')
#8 W:\domains\email.local\framework\web\widgets\COutputProcessor.php(45): CContentDecorator->processOutput('<div id="conten...')
#9 W:\domains\email.local\framework\web\CBaseController.php(207): COutputProcessor->run()
#10 W:\domains\email.local\framework\web\CBaseController.php(301): CBaseController->endWidget('CContentDecorat...')
#11 W:\domains\email.local\protected\views\layouts\column1.php(6): CBaseController->endContent()
#12 W:\domains\email.local\framework\web\CBaseController.php(127): require('W:\domains\emai...')
#13 W:\domains\email.local\framework\web\CBaseController.php(96): CBaseController->renderInternal('W:\domains\emai...', Array, true)
#14 W:\domains\email.local\framework\web\CController.php(785): CBaseController->renderFile('W:\domains\emai...', Array, true)
#15 W:\domains\email.local\protected\controllers\SiteController.php(32): CController->render('index')
#16 W:\domains\email.local\framework\web\actions\CInlineAction.php(50): SiteController->actionIndex()
#17 W:\domains\email.local\framework\web\CController.php(309): CInlineAction->runWithParams(Array)
#18 W:\domains\email.local\framework\web\CController.php(287): CController->runAction(Object(CInlineAction))
#19 W:\domains\email.local\framework\web\CController.php(266): CController->runActionWithFilters(Object(CInlineAction), Array)
#20 W:\domains\email.local\framework\web\CWebApplication.php(283): CController->run('')
#21 W:\domains\email.local\framework\web\CWebApplication.php(142): CWebApplication->runController('')
#22 W:\domains\email.local\framework\base\CApplication.php(162): CWebApplication->processRequest()
#23 W:\domains\email.local\index.php(13): CApplication->run()
#24 {main}
REQUEST_URI=/
---
2012/12/26 13:22:36 [error] [exception.CException] exception 'CException' with message 'Alias "bootstrap.widgets.BootButton" is invalid. Make sure it points to an existing directory or file.' in W:\domains\email.local\framework\YiiBase.php:343
Stack trace:
#0 W:\domains\email.local\framework\web\CWidgetFactory.php(147): YiiBase::import('bootstrap.widge...', true)
#1 W:\domains\email.local\framework\web\CBaseController.php(147): CWidgetFactory->createWidget(Object(SiteController), 'bootstrap.widge...', Array)
#2 W:\domains\email.local\framework\web\CBaseController.php(173): CBaseController->createWidget('bootstrap.widge...', Array)
#3 W:\domains\email.local\protected\views\layouts\main.php(83): CBaseController->widget('bootstrap.widge...', Array)
#4 W:\domains\email.local\framework\web\CBaseController.php(127): require('W:\domains\emai...')
#5 W:\domains\email.local\framework\web\CBaseController.php(96): CBaseController->renderInternal('W:\domains\emai...', Array, true)
#6 W:\domains\email.local\framework\web\widgets\CContentDecorator.php(77): CBaseController->renderFile('W:\domains\emai...', Array, true)
#7 W:\domains\email.local\framework\web\widgets\CContentDecorator.php(55): CContentDecorator->decorate('<div id="conten...')
#8 W:\domains\email.local\framework\web\widgets\COutputProcessor.php(45): CContentDecorator->processOutput('<div id="conten...')
#9 W:\domains\email.local\framework\web\CBaseController.php(207): COutputProcessor->run()
#10 W:\domains\email.local\framework\web\CBaseController.php(301): CBaseController->endWidget('CContentDecorat...')
#11 W:\domains\email.local\protected\views\layouts\column1.php(6): CBaseController->endContent()
#12 W:\domains\email.local\framework\web\CBaseController.php(127): require('W:\domains\emai...')
#13 W:\domains\email.local\framework\web\CBaseController.php(96): CBaseController->renderInternal('W:\domains\emai...', Array, true)
#14 W:\domains\email.local\framework\web\CController.php(785): CBaseController->renderFile('W:\domains\emai...', Array, true)
#15 W:\domains\email.local\protected\controllers\SiteController.php(32): CController->render('index')
#16 W:\domains\email.local\framework\web\actions\CInlineAction.php(50): SiteController->actionIndex()
#17 W:\domains\email.local\framework\web\CController.php(309): CInlineAction->runWithParams(Array)
#18 W:\domains\email.local\framework\web\CController.php(287): CController->runAction(Object(CInlineAction))
#19 W:\domains\email.local\framework\web\CController.php(266): CController->runActionWithFilters(Object(CInlineAction), Array)
#20 W:\domains\email.local\framework\web\CWebApplication.php(283): CController->run('')
#21 W:\domains\email.local\framework\web\CWebApplication.php(142): CWebApplication->runController('')
#22 W:\domains\email.local\framework\base\CApplication.php(162): CWebApplication->processRequest()
#23 W:\domains\email.local\index.php(13): CApplication->run()
#24 {main}
REQUEST_URI=/
---
2012/12/26 13:23:12 [error] [exception.CException] exception 'CException' with message 'Property "SiteController.title" is not defined.' in W:\domains\email.local\framework\base\CComponent.php:131
Stack trace:
#0 W:\domains\email.local\protected\views\layouts\main.php(79): CComponent->__get('title')
#1 W:\domains\email.local\framework\web\CBaseController.php(127): require('W:\domains\emai...')
#2 W:\domains\email.local\framework\web\CBaseController.php(96): CBaseController->renderInternal('W:\domains\emai...', Array, true)
#3 W:\domains\email.local\framework\web\widgets\CContentDecorator.php(77): CBaseController->renderFile('W:\domains\emai...', Array, true)
#4 W:\domains\email.local\framework\web\widgets\CContentDecorator.php(55): CContentDecorator->decorate('<div id="conten...')
#5 W:\domains\email.local\framework\web\widgets\COutputProcessor.php(45): CContentDecorator->processOutput('<div id="conten...')
#6 W:\domains\email.local\framework\web\CBaseController.php(207): COutputProcessor->run()
#7 W:\domains\email.local\framework\web\CBaseController.php(301): CBaseController->endWidget('CContentDecorat...')
#8 W:\domains\email.local\protected\views\layouts\column1.php(6): CBaseController->endContent()
#9 W:\domains\email.local\framework\web\CBaseController.php(127): require('W:\domains\emai...')
#10 W:\domains\email.local\framework\web\CBaseController.php(96): CBaseController->renderInternal('W:\domains\emai...', Array, true)
#11 W:\domains\email.local\framework\web\CController.php(785): CBaseController->renderFile('W:\domains\emai...', Array, true)
#12 W:\domains\email.local\protected\controllers\SiteController.php(32): CController->render('index')
#13 W:\domains\email.local\framework\web\actions\CInlineAction.php(50): SiteController->actionIndex()
#14 W:\domains\email.local\framework\web\CController.php(309): CInlineAction->runWithParams(Array)
#15 W:\domains\email.local\framework\web\CController.php(287): CController->runAction(Object(CInlineAction))
#16 W:\domains\email.local\framework\web\CController.php(266): CController->runActionWithFilters(Object(CInlineAction), Array)
#17 W:\domains\email.local\framework\web\CWebApplication.php(283): CController->run('')
#18 W:\domains\email.local\framework\web\CWebApplication.php(142): CWebApplication->runController('')
#19 W:\domains\email.local\framework\base\CApplication.php(162): CWebApplication->processRequest()
#20 W:\domains\email.local\index.php(13): CApplication->run()
#21 {main}
REQUEST_URI=/
---
2012/12/26 13:23:24 [error] [exception.CException] exception 'CException' with message 'Alias "bootstrap.widgets.BootBreadcrumbs" is invalid. Make sure it points to an existing directory or file.' in W:\domains\email.local\framework\YiiBase.php:343
Stack trace:
#0 W:\domains\email.local\framework\web\CWidgetFactory.php(147): YiiBase::import('bootstrap.widge...', true)
#1 W:\domains\email.local\framework\web\CBaseController.php(147): CWidgetFactory->createWidget(Object(SiteController), 'bootstrap.widge...', Array)
#2 W:\domains\email.local\framework\web\CBaseController.php(173): CBaseController->createWidget('bootstrap.widge...', Array)
#3 W:\domains\email.local\protected\views\layouts\main.php(80): CBaseController->widget('bootstrap.widge...', Array)
#4 W:\domains\email.local\framework\web\CBaseController.php(127): require('W:\domains\emai...')
#5 W:\domains\email.local\framework\web\CBaseController.php(96): CBaseController->renderInternal('W:\domains\emai...', Array, true)
#6 W:\domains\email.local\framework\web\widgets\CContentDecorator.php(77): CBaseController->renderFile('W:\domains\emai...', Array, true)
#7 W:\domains\email.local\framework\web\widgets\CContentDecorator.php(55): CContentDecorator->decorate('<div id="conten...')
#8 W:\domains\email.local\framework\web\widgets\COutputProcessor.php(45): CContentDecorator->processOutput('<div id="conten...')
#9 W:\domains\email.local\framework\web\CBaseController.php(207): COutputProcessor->run()
#10 W:\domains\email.local\framework\web\CBaseController.php(301): CBaseController->endWidget('CContentDecorat...')
#11 W:\domains\email.local\protected\views\layouts\column1.php(6): CBaseController->endContent()
#12 W:\domains\email.local\framework\web\CBaseController.php(127): require('W:\domains\emai...')
#13 W:\domains\email.local\framework\web\CBaseController.php(96): CBaseController->renderInternal('W:\domains\emai...', Array, true)
#14 W:\domains\email.local\framework\web\CController.php(785): CBaseController->renderFile('W:\domains\emai...', Array, true)
#15 W:\domains\email.local\protected\controllers\SiteController.php(32): CController->render('index')
#16 W:\domains\email.local\framework\web\actions\CInlineAction.php(50): SiteController->actionIndex()
#17 W:\domains\email.local\framework\web\CController.php(309): CInlineAction->runWithParams(Array)
#18 W:\domains\email.local\framework\web\CController.php(287): CController->runAction(Object(CInlineAction))
#19 W:\domains\email.local\framework\web\CController.php(266): CController->runActionWithFilters(Object(CInlineAction), Array)
#20 W:\domains\email.local\framework\web\CWebApplication.php(283): CController->run('')
#21 W:\domains\email.local\framework\web\CWebApplication.php(142): CWebApplication->runController('')
#22 W:\domains\email.local\framework\base\CApplication.php(162): CWebApplication->processRequest()
#23 W:\domains\email.local\index.php(13): CApplication->run()
#24 {main}
REQUEST_URI=/
---
2012/12/26 13:23:50 [error] [exception.CException] exception 'CException' with message 'Alias "ext.bootstrap.widgets.BootBreadcrumbs" is invalid. Make sure it points to an existing PHP file and the file is readable.' in W:\domains\email.local\framework\YiiBase.php:318
Stack trace:
#0 W:\domains\email.local\framework\web\CWidgetFactory.php(147): YiiBase::import('ext.bootstrap.w...', true)
#1 W:\domains\email.local\framework\web\CBaseController.php(147): CWidgetFactory->createWidget(Object(SiteController), 'ext.bootstrap.w...', Array)
#2 W:\domains\email.local\framework\web\CBaseController.php(173): CBaseController->createWidget('ext.bootstrap.w...', Array)
#3 W:\domains\email.local\protected\views\layouts\main.php(80): CBaseController->widget('ext.bootstrap.w...', Array)
#4 W:\domains\email.local\framework\web\CBaseController.php(127): require('W:\domains\emai...')
#5 W:\domains\email.local\framework\web\CBaseController.php(96): CBaseController->renderInternal('W:\domains\emai...', Array, true)
#6 W:\domains\email.local\framework\web\widgets\CContentDecorator.php(77): CBaseController->renderFile('W:\domains\emai...', Array, true)
#7 W:\domains\email.local\framework\web\widgets\CContentDecorator.php(55): CContentDecorator->decorate('<div id="conten...')
#8 W:\domains\email.local\framework\web\widgets\COutputProcessor.php(45): CContentDecorator->processOutput('<div id="conten...')
#9 W:\domains\email.local\framework\web\CBaseController.php(207): COutputProcessor->run()
#10 W:\domains\email.local\framework\web\CBaseController.php(301): CBaseController->endWidget('CContentDecorat...')
#11 W:\domains\email.local\protected\views\layouts\column1.php(6): CBaseController->endContent()
#12 W:\domains\email.local\framework\web\CBaseController.php(127): require('W:\domains\emai...')
#13 W:\domains\email.local\framework\web\CBaseController.php(96): CBaseController->renderInternal('W:\domains\emai...', Array, true)
#14 W:\domains\email.local\framework\web\CController.php(785): CBaseController->renderFile('W:\domains\emai...', Array, true)
#15 W:\domains\email.local\protected\controllers\SiteController.php(32): CController->render('index')
#16 W:\domains\email.local\framework\web\actions\CInlineAction.php(50): SiteController->actionIndex()
#17 W:\domains\email.local\framework\web\CController.php(309): CInlineAction->runWithParams(Array)
#18 W:\domains\email.local\framework\web\CController.php(287): CController->runAction(Object(CInlineAction))
#19 W:\domains\email.local\framework\web\CController.php(266): CController->runActionWithFilters(Object(CInlineAction), Array)
#20 W:\domains\email.local\framework\web\CWebApplication.php(283): CController->run('')
#21 W:\domains\email.local\framework\web\CWebApplication.php(142): CWebApplication->runController('')
#22 W:\domains\email.local\framework\base\CApplication.php(162): CWebApplication->processRequest()
#23 W:\domains\email.local\index.php(13): CApplication->run()
#24 {main}
REQUEST_URI=/
---
2012/12/26 13:24:08 [error] [exception.CException] exception 'CException' with message 'Alias "application.ext.bootstrap.widgets.BootBreadcrumbs" is invalid. Make sure it points to an existing PHP file and the file is readable.' in W:\domains\email.local\framework\YiiBase.php:318
Stack trace:
#0 W:\domains\email.local\framework\web\CWidgetFactory.php(147): YiiBase::import('application.ext...', true)
#1 W:\domains\email.local\framework\web\CBaseController.php(147): CWidgetFactory->createWidget(Object(SiteController), 'application.ext...', Array)
#2 W:\domains\email.local\framework\web\CBaseController.php(173): CBaseController->createWidget('application.ext...', Array)
#3 W:\domains\email.local\protected\views\layouts\main.php(80): CBaseController->widget('application.ext...', Array)
#4 W:\domains\email.local\framework\web\CBaseController.php(127): require('W:\domains\emai...')
#5 W:\domains\email.local\framework\web\CBaseController.php(96): CBaseController->renderInternal('W:\domains\emai...', Array, true)
#6 W:\domains\email.local\framework\web\widgets\CContentDecorator.php(77): CBaseController->renderFile('W:\domains\emai...', Array, true)
#7 W:\domains\email.local\framework\web\widgets\CContentDecorator.php(55): CContentDecorator->decorate('<div id="conten...')
#8 W:\domains\email.local\framework\web\widgets\COutputProcessor.php(45): CContentDecorator->processOutput('<div id="conten...')
#9 W:\domains\email.local\framework\web\CBaseController.php(207): COutputProcessor->run()
#10 W:\domains\email.local\framework\web\CBaseController.php(301): CBaseController->endWidget('CContentDecorat...')
#11 W:\domains\email.local\protected\views\layouts\column1.php(6): CBaseController->endContent()
#12 W:\domains\email.local\framework\web\CBaseController.php(127): require('W:\domains\emai...')
#13 W:\domains\email.local\framework\web\CBaseController.php(96): CBaseController->renderInternal('W:\domains\emai...', Array, true)
#14 W:\domains\email.local\framework\web\CController.php(785): CBaseController->renderFile('W:\domains\emai...', Array, true)
#15 W:\domains\email.local\protected\controllers\SiteController.php(32): CController->render('index')
#16 W:\domains\email.local\framework\web\actions\CInlineAction.php(50): SiteController->actionIndex()
#17 W:\domains\email.local\framework\web\CController.php(309): CInlineAction->runWithParams(Array)
#18 W:\domains\email.local\framework\web\CController.php(287): CController->runAction(Object(CInlineAction))
#19 W:\domains\email.local\framework\web\CController.php(266): CController->runActionWithFilters(Object(CInlineAction), Array)
#20 W:\domains\email.local\framework\web\CWebApplication.php(283): CController->run('')
#21 W:\domains\email.local\framework\web\CWebApplication.php(142): CWebApplication->runController('')
#22 W:\domains\email.local\framework\base\CApplication.php(162): CWebApplication->processRequest()
#23 W:\domains\email.local\index.php(13): CApplication->run()
#24 {main}
REQUEST_URI=/
---
2012/12/26 13:24:15 [error] [exception.CException] exception 'CException' with message 'Alias "application.extensions.bootstrap.widgets.BootBreadcrumbs" is invalid. Make sure it points to an existing PHP file and the file is readable.' in W:\domains\email.local\framework\YiiBase.php:318
Stack trace:
#0 W:\domains\email.local\framework\web\CWidgetFactory.php(147): YiiBase::import('application.ext...', true)
#1 W:\domains\email.local\framework\web\CBaseController.php(147): CWidgetFactory->createWidget(Object(SiteController), 'application.ext...', Array)
#2 W:\domains\email.local\framework\web\CBaseController.php(173): CBaseController->createWidget('application.ext...', Array)
#3 W:\domains\email.local\protected\views\layouts\main.php(80): CBaseController->widget('application.ext...', Array)
#4 W:\domains\email.local\framework\web\CBaseController.php(127): require('W:\domains\emai...')
#5 W:\domains\email.local\framework\web\CBaseController.php(96): CBaseController->renderInternal('W:\domains\emai...', Array, true)
#6 W:\domains\email.local\framework\web\widgets\CContentDecorator.php(77): CBaseController->renderFile('W:\domains\emai...', Array, true)
#7 W:\domains\email.local\framework\web\widgets\CContentDecorator.php(55): CContentDecorator->decorate('<div id="conten...')
#8 W:\domains\email.local\framework\web\widgets\COutputProcessor.php(45): CContentDecorator->processOutput('<div id="conten...')
#9 W:\domains\email.local\framework\web\CBaseController.php(207): COutputProcessor->run()
#10 W:\domains\email.local\framework\web\CBaseController.php(301): CBaseController->endWidget('CContentDecorat...')
#11 W:\domains\email.local\protected\views\layouts\column1.php(6): CBaseController->endContent()
#12 W:\domains\email.local\framework\web\CBaseController.php(127): require('W:\domains\emai...')
#13 W:\domains\email.local\framework\web\CBaseController.php(96): CBaseController->renderInternal('W:\domains\emai...', Array, true)
#14 W:\domains\email.local\framework\web\CController.php(785): CBaseController->renderFile('W:\domains\emai...', Array, true)
#15 W:\domains\email.local\protected\controllers\SiteController.php(32): CController->render('index')
#16 W:\domains\email.local\framework\web\actions\CInlineAction.php(50): SiteController->actionIndex()
#17 W:\domains\email.local\framework\web\CController.php(309): CInlineAction->runWithParams(Array)
#18 W:\domains\email.local\framework\web\CController.php(287): CController->runAction(Object(CInlineAction))
#19 W:\domains\email.local\framework\web\CController.php(266): CController->runActionWithFilters(Object(CInlineAction), Array)
#20 W:\domains\email.local\framework\web\CWebApplication.php(283): CController->run('')
#21 W:\domains\email.local\framework\web\CWebApplication.php(142): CWebApplication->runController('')
#22 W:\domains\email.local\framework\base\CApplication.php(162): CWebApplication->processRequest()
#23 W:\domains\email.local\index.php(13): CApplication->run()
#24 {main}
REQUEST_URI=/
---
2012/12/26 13:27:09 [error] [exception.CException] exception 'CException' with message 'Alias "bootstrap.widgets.BootBreadcrumbs" is invalid. Make sure it points to an existing directory or file.' in W:\domains\email.local\framework\YiiBase.php:343
Stack trace:
#0 W:\domains\email.local\framework\web\CWidgetFactory.php(147): YiiBase::import('bootstrap.widge...', true)
#1 W:\domains\email.local\framework\web\CBaseController.php(147): CWidgetFactory->createWidget(Object(SiteController), 'bootstrap.widge...', Array)
#2 W:\domains\email.local\framework\web\CBaseController.php(173): CBaseController->createWidget('bootstrap.widge...', Array)
#3 W:\domains\email.local\protected\views\layouts\main.php(80): CBaseController->widget('bootstrap.widge...', Array)
#4 W:\domains\email.local\framework\web\CBaseController.php(127): require('W:\domains\emai...')
#5 W:\domains\email.local\framework\web\CBaseController.php(96): CBaseController->renderInternal('W:\domains\emai...', Array, true)
#6 W:\domains\email.local\framework\web\widgets\CContentDecorator.php(77): CBaseController->renderFile('W:\domains\emai...', Array, true)
#7 W:\domains\email.local\framework\web\widgets\CContentDecorator.php(55): CContentDecorator->decorate('<div id="conten...')
#8 W:\domains\email.local\framework\web\widgets\COutputProcessor.php(45): CContentDecorator->processOutput('<div id="conten...')
#9 W:\domains\email.local\framework\web\CBaseController.php(207): COutputProcessor->run()
#10 W:\domains\email.local\framework\web\CBaseController.php(301): CBaseController->endWidget('CContentDecorat...')
#11 W:\domains\email.local\protected\views\layouts\column1.php(6): CBaseController->endContent()
#12 W:\domains\email.local\framework\web\CBaseController.php(127): require('W:\domains\emai...')
#13 W:\domains\email.local\framework\web\CBaseController.php(96): CBaseController->renderInternal('W:\domains\emai...', Array, true)
#14 W:\domains\email.local\framework\web\CController.php(785): CBaseController->renderFile('W:\domains\emai...', Array, true)
#15 W:\domains\email.local\protected\controllers\SiteController.php(32): CController->render('index')
#16 W:\domains\email.local\framework\web\actions\CInlineAction.php(50): SiteController->actionIndex()
#17 W:\domains\email.local\framework\web\CController.php(309): CInlineAction->runWithParams(Array)
#18 W:\domains\email.local\framework\web\CController.php(287): CController->runAction(Object(CInlineAction))
#19 W:\domains\email.local\framework\web\CController.php(266): CController->runActionWithFilters(Object(CInlineAction), Array)
#20 W:\domains\email.local\framework\web\CWebApplication.php(283): CController->run('')
#21 W:\domains\email.local\framework\web\CWebApplication.php(142): CWebApplication->runController('')
#22 W:\domains\email.local\framework\base\CApplication.php(162): CWebApplication->processRequest()
#23 W:\domains\email.local\index.php(13): CApplication->run()
#24 {main}
REQUEST_URI=/
---
2012/12/26 13:29:04 [error] [exception.CException] exception 'CException' with message 'Alias "bootstrap.widgets.BootBreadcrumbs" is invalid. Make sure it points to an existing directory or file.' in W:\domains\email.local\framework\YiiBase.php:343
Stack trace:
#0 W:\domains\email.local\framework\web\CWidgetFactory.php(147): YiiBase::import('bootstrap.widge...', true)
#1 W:\domains\email.local\framework\web\CBaseController.php(147): CWidgetFactory->createWidget(Object(SiteController), 'bootstrap.widge...', Array)
#2 W:\domains\email.local\framework\web\CBaseController.php(173): CBaseController->createWidget('bootstrap.widge...', Array)
#3 W:\domains\email.local\protected\views\layouts\main.php(80): CBaseController->widget('bootstrap.widge...', Array)
#4 W:\domains\email.local\framework\web\CBaseController.php(127): require('W:\domains\emai...')
#5 W:\domains\email.local\framework\web\CBaseController.php(96): CBaseController->renderInternal('W:\domains\emai...', Array, true)
#6 W:\domains\email.local\framework\web\widgets\CContentDecorator.php(77): CBaseController->renderFile('W:\domains\emai...', Array, true)
#7 W:\domains\email.local\framework\web\widgets\CContentDecorator.php(55): CContentDecorator->decorate('<div id="conten...')
#8 W:\domains\email.local\framework\web\widgets\COutputProcessor.php(45): CContentDecorator->processOutput('<div id="conten...')
#9 W:\domains\email.local\framework\web\CBaseController.php(207): COutputProcessor->run()
#10 W:\domains\email.local\framework\web\CBaseController.php(301): CBaseController->endWidget('CContentDecorat...')
#11 W:\domains\email.local\protected\views\layouts\column1.php(6): CBaseController->endContent()
#12 W:\domains\email.local\framework\web\CBaseController.php(127): require('W:\domains\emai...')
#13 W:\domains\email.local\framework\web\CBaseController.php(96): CBaseController->renderInternal('W:\domains\emai...', Array, true)
#14 W:\domains\email.local\framework\web\CController.php(785): CBaseController->renderFile('W:\domains\emai...', Array, true)
#15 W:\domains\email.local\protected\controllers\SiteController.php(32): CController->render('index')
#16 W:\domains\email.local\framework\web\actions\CInlineAction.php(50): SiteController->actionIndex()
#17 W:\domains\email.local\framework\web\CController.php(309): CInlineAction->runWithParams(Array)
#18 W:\domains\email.local\framework\web\CController.php(287): CController->runAction(Object(CInlineAction))
#19 W:\domains\email.local\framework\web\CController.php(266): CController->runActionWithFilters(Object(CInlineAction), Array)
#20 W:\domains\email.local\framework\web\CWebApplication.php(283): CController->run('')
#21 W:\domains\email.local\framework\web\CWebApplication.php(142): CWebApplication->runController('')
#22 W:\domains\email.local\framework\base\CApplication.php(162): CWebApplication->processRequest()
#23 W:\domains\email.local\index.php(13): CApplication->run()
#24 {main}
REQUEST_URI=/
---
2012/12/26 13:29:51 [error] [exception.CException] exception 'CException' with message 'Alias "bootstrap.widgets.BootBreadcrumbs" is invalid. Make sure it points to an existing directory or file.' in W:\domains\email.local\framework\YiiBase.php:343
Stack trace:
#0 W:\domains\email.local\framework\web\CWidgetFactory.php(147): YiiBase::import('bootstrap.widge...', true)
#1 W:\domains\email.local\framework\web\CBaseController.php(147): CWidgetFactory->createWidget(Object(SiteController), 'bootstrap.widge...', Array)
#2 W:\domains\email.local\framework\web\CBaseController.php(173): CBaseController->createWidget('bootstrap.widge...', Array)
#3 W:\domains\email.local\protected\views\layouts\main.php(80): CBaseController->widget('bootstrap.widge...', Array)
#4 W:\domains\email.local\framework\web\CBaseController.php(127): require('W:\domains\emai...')
#5 W:\domains\email.local\framework\web\CBaseController.php(96): CBaseController->renderInternal('W:\domains\emai...', Array, true)
#6 W:\domains\email.local\framework\web\widgets\CContentDecorator.php(77): CBaseController->renderFile('W:\domains\emai...', Array, true)
#7 W:\domains\email.local\framework\web\widgets\CContentDecorator.php(55): CContentDecorator->decorate('<div id="conten...')
#8 W:\domains\email.local\framework\web\widgets\COutputProcessor.php(45): CContentDecorator->processOutput('<div id="conten...')
#9 W:\domains\email.local\framework\web\CBaseController.php(207): COutputProcessor->run()
#10 W:\domains\email.local\framework\web\CBaseController.php(301): CBaseController->endWidget('CContentDecorat...')
#11 W:\domains\email.local\protected\views\layouts\column1.php(6): CBaseController->endContent()
#12 W:\domains\email.local\framework\web\CBaseController.php(127): require('W:\domains\emai...')
#13 W:\domains\email.local\framework\web\CBaseController.php(96): CBaseController->renderInternal('W:\domains\emai...', Array, true)
#14 W:\domains\email.local\framework\web\CController.php(785): CBaseController->renderFile('W:\domains\emai...', Array, true)
#15 W:\domains\email.local\protected\controllers\SiteController.php(32): CController->render('index')
#16 W:\domains\email.local\framework\web\actions\CInlineAction.php(50): SiteController->actionIndex()
#17 W:\domains\email.local\framework\web\CController.php(309): CInlineAction->runWithParams(Array)
#18 W:\domains\email.local\framework\web\CController.php(287): CController->runAction(Object(CInlineAction))
#19 W:\domains\email.local\framework\web\CController.php(266): CController->runActionWithFilters(Object(CInlineAction), Array)
#20 W:\domains\email.local\framework\web\CWebApplication.php(283): CController->run('')
#21 W:\domains\email.local\framework\web\CWebApplication.php(142): CWebApplication->runController('')
#22 W:\domains\email.local\framework\base\CApplication.php(162): CWebApplication->processRequest()
#23 W:\domains\email.local\index.php(13): CApplication->run()
#24 {main}
REQUEST_URI=/
---
2012/12/26 13:32:03 [error] [exception.CException] exception 'CException' with message 'Alias "bootstrap.widgets.BootBreadcrumbs" is invalid. Make sure it points to an existing directory or file.' in W:\domains\email.local\framework\YiiBase.php:343
Stack trace:
#0 W:\domains\email.local\framework\web\CWidgetFactory.php(147): YiiBase::import('bootstrap.widge...', true)
#1 W:\domains\email.local\framework\web\CBaseController.php(147): CWidgetFactory->createWidget(Object(SiteController), 'bootstrap.widge...', Array)
#2 W:\domains\email.local\framework\web\CBaseController.php(173): CBaseController->createWidget('bootstrap.widge...', Array)
#3 W:\domains\email.local\protected\views\layouts\main.php(80): CBaseController->widget('bootstrap.widge...', Array)
#4 W:\domains\email.local\framework\web\CBaseController.php(127): require('W:\domains\emai...')
#5 W:\domains\email.local\framework\web\CBaseController.php(96): CBaseController->renderInternal('W:\domains\emai...', Array, true)
#6 W:\domains\email.local\framework\web\widgets\CContentDecorator.php(77): CBaseController->renderFile('W:\domains\emai...', Array, true)
#7 W:\domains\email.local\framework\web\widgets\CContentDecorator.php(55): CContentDecorator->decorate('<div id="conten...')
#8 W:\domains\email.local\framework\web\widgets\COutputProcessor.php(45): CContentDecorator->processOutput('<div id="conten...')
#9 W:\domains\email.local\framework\web\CBaseController.php(207): COutputProcessor->run()
#10 W:\domains\email.local\framework\web\CBaseController.php(301): CBaseController->endWidget('CContentDecorat...')
#11 W:\domains\email.local\protected\views\layouts\column1.php(6): CBaseController->endContent()
#12 W:\domains\email.local\framework\web\CBaseController.php(127): require('W:\domains\emai...')
#13 W:\domains\email.local\framework\web\CBaseController.php(96): CBaseController->renderInternal('W:\domains\emai...', Array, true)
#14 W:\domains\email.local\framework\web\CController.php(785): CBaseController->renderFile('W:\domains\emai...', Array, true)
#15 W:\domains\email.local\protected\controllers\SiteController.php(32): CController->render('index')
#16 W:\domains\email.local\framework\web\actions\CInlineAction.php(50): SiteController->actionIndex()
#17 W:\domains\email.local\framework\web\CController.php(309): CInlineAction->runWithParams(Array)
#18 W:\domains\email.local\framework\web\CController.php(287): CController->runAction(Object(CInlineAction))
#19 W:\domains\email.local\framework\web\CController.php(266): CController->runActionWithFilters(Object(CInlineAction), Array)
#20 W:\domains\email.local\framework\web\CWebApplication.php(283): CController->run('')
#21 W:\domains\email.local\framework\web\CWebApplication.php(142): CWebApplication->runController('')
#22 W:\domains\email.local\framework\base\CApplication.php(162): CWebApplication->processRequest()
#23 W:\domains\email.local\index.php(13): CApplication->run()
#24 {main}
REQUEST_URI=/
---
2012/12/26 13:32:22 [error] [exception.CException] exception 'CException' with message 'Alias "bootstrap.widgets.BootBreadcrumbs" is invalid. Make sure it points to an existing directory or file.' in W:\domains\email.local\framework\YiiBase.php:343
Stack trace:
#0 W:\domains\email.local\framework\web\CWidgetFactory.php(147): YiiBase::import('bootstrap.widge...', true)
#1 W:\domains\email.local\framework\web\CBaseController.php(147): CWidgetFactory->createWidget(Object(SiteController), 'bootstrap.widge...', Array)
#2 W:\domains\email.local\framework\web\CBaseController.php(173): CBaseController->createWidget('bootstrap.widge...', Array)
#3 W:\domains\email.local\protected\views\layouts\main.php(80): CBaseController->widget('bootstrap.widge...', Array)
#4 W:\domains\email.local\framework\web\CBaseController.php(127): require('W:\domains\emai...')
#5 W:\domains\email.local\framework\web\CBaseController.php(96): CBaseController->renderInternal('W:\domains\emai...', Array, true)
#6 W:\domains\email.local\framework\web\widgets\CContentDecorator.php(77): CBaseController->renderFile('W:\domains\emai...', Array, true)
#7 W:\domains\email.local\framework\web\widgets\CContentDecorator.php(55): CContentDecorator->decorate('<div id="conten...')
#8 W:\domains\email.local\framework\web\widgets\COutputProcessor.php(45): CContentDecorator->processOutput('<div id="conten...')
#9 W:\domains\email.local\framework\web\CBaseController.php(207): COutputProcessor->run()
#10 W:\domains\email.local\framework\web\CBaseController.php(301): CBaseController->endWidget('CContentDecorat...')
#11 W:\domains\email.local\protected\views\layouts\column1.php(6): CBaseController->endContent()
#12 W:\domains\email.local\framework\web\CBaseController.php(127): require('W:\domains\emai...')
#13 W:\domains\email.local\framework\web\CBaseController.php(96): CBaseController->renderInternal('W:\domains\emai...', Array, true)
#14 W:\domains\email.local\framework\web\CController.php(785): CBaseController->renderFile('W:\domains\emai...', Array, true)
#15 W:\domains\email.local\protected\controllers\SiteController.php(32): CController->render('index')
#16 W:\domains\email.local\framework\web\actions\CInlineAction.php(50): SiteController->actionIndex()
#17 W:\domains\email.local\framework\web\CController.php(309): CInlineAction->runWithParams(Array)
#18 W:\domains\email.local\framework\web\CController.php(287): CController->runAction(Object(CInlineAction))
#19 W:\domains\email.local\framework\web\CController.php(266): CController->runActionWithFilters(Object(CInlineAction), Array)
#20 W:\domains\email.local\framework\web\CWebApplication.php(283): CController->run('')
#21 W:\domains\email.local\framework\web\CWebApplication.php(142): CWebApplication->runController('')
#22 W:\domains\email.local\framework\base\CApplication.php(162): CWebApplication->processRequest()
#23 W:\domains\email.local\index.php(13): CApplication->run()
#24 {main}
REQUEST_URI=/
---
2012/12/26 13:32:56 [error] [exception.CException] exception 'CException' with message 'Alias "bootstrap.widgets.BootBreadcrumbs" is invalid. Make sure it points to an existing directory or file.' in W:\domains\email.local\framework\YiiBase.php:343
Stack trace:
#0 W:\domains\email.local\framework\web\CWidgetFactory.php(147): YiiBase::import('bootstrap.widge...', true)
#1 W:\domains\email.local\framework\web\CBaseController.php(147): CWidgetFactory->createWidget(Object(SiteController), 'bootstrap.widge...', Array)
#2 W:\domains\email.local\framework\web\CBaseController.php(173): CBaseController->createWidget('bootstrap.widge...', Array)
#3 W:\domains\email.local\protected\views\layouts\main.php(80): CBaseController->widget('bootstrap.widge...', Array)
#4 W:\domains\email.local\framework\web\CBaseController.php(127): require('W:\domains\emai...')
#5 W:\domains\email.local\framework\web\CBaseController.php(96): CBaseController->renderInternal('W:\domains\emai...', Array, true)
#6 W:\domains\email.local\framework\web\widgets\CContentDecorator.php(77): CBaseController->renderFile('W:\domains\emai...', Array, true)
#7 W:\domains\email.local\framework\web\widgets\CContentDecorator.php(55): CContentDecorator->decorate('<div id="conten...')
#8 W:\domains\email.local\framework\web\widgets\COutputProcessor.php(45): CContentDecorator->processOutput('<div id="conten...')
#9 W:\domains\email.local\framework\web\CBaseController.php(207): COutputProcessor->run()
#10 W:\domains\email.local\framework\web\CBaseController.php(301): CBaseController->endWidget('CContentDecorat...')
#11 W:\domains\email.local\protected\views\layouts\column1.php(6): CBaseController->endContent()
#12 W:\domains\email.local\framework\web\CBaseController.php(127): require('W:\domains\emai...')
#13 W:\domains\email.local\framework\web\CBaseController.php(96): CBaseController->renderInternal('W:\domains\emai...', Array, true)
#14 W:\domains\email.local\framework\web\CController.php(785): CBaseController->renderFile('W:\domains\emai...', Array, true)
#15 W:\domains\email.local\protected\controllers\SiteController.php(32): CController->render('index')
#16 W:\domains\email.local\framework\web\actions\CInlineAction.php(50): SiteController->actionIndex()
#17 W:\domains\email.local\framework\web\CController.php(309): CInlineAction->runWithParams(Array)
#18 W:\domains\email.local\framework\web\CController.php(287): CController->runAction(Object(CInlineAction))
#19 W:\domains\email.local\framework\web\CController.php(266): CController->runActionWithFilters(Object(CInlineAction), Array)
#20 W:\domains\email.local\framework\web\CWebApplication.php(283): CController->run('')
#21 W:\domains\email.local\framework\web\CWebApplication.php(142): CWebApplication->runController('')
#22 W:\domains\email.local\framework\base\CApplication.php(162): CWebApplication->processRequest()
#23 W:\domains\email.local\index.php(13): CApplication->run()
#24 {main}
REQUEST_URI=/
---
2012/12/26 13:34:16 [error] [exception.CException] exception 'CException' with message 'Alias "bootstrap.widgets.BootBreadcrumbs" is invalid. Make sure it points to an existing directory or file.' in W:\domains\email.local\framework\YiiBase.php:343
Stack trace:
#0 W:\domains\email.local\framework\web\CWidgetFactory.php(147): YiiBase::import('bootstrap.widge...', true)
#1 W:\domains\email.local\framework\web\CBaseController.php(147): CWidgetFactory->createWidget(Object(SiteController), 'bootstrap.widge...', Array)
#2 W:\domains\email.local\framework\web\CBaseController.php(173): CBaseController->createWidget('bootstrap.widge...', Array)
#3 W:\domains\email.local\protected\views\layouts\main.php(80): CBaseController->widget('bootstrap.widge...', Array)
#4 W:\domains\email.local\framework\web\CBaseController.php(127): require('W:\domains\emai...')
#5 W:\domains\email.local\framework\web\CBaseController.php(96): CBaseController->renderInternal('W:\domains\emai...', Array, true)
#6 W:\domains\email.local\framework\web\widgets\CContentDecorator.php(77): CBaseController->renderFile('W:\domains\emai...', Array, true)
#7 W:\domains\email.local\framework\web\widgets\CContentDecorator.php(55): CContentDecorator->decorate('<div id="conten...')
#8 W:\domains\email.local\framework\web\widgets\COutputProcessor.php(45): CContentDecorator->processOutput('<div id="conten...')
#9 W:\domains\email.local\framework\web\CBaseController.php(207): COutputProcessor->run()
#10 W:\domains\email.local\framework\web\CBaseController.php(301): CBaseController->endWidget('CContentDecorat...')
#11 W:\domains\email.local\protected\views\layouts\column1.php(6): CBaseController->endContent()
#12 W:\domains\email.local\framework\web\CBaseController.php(127): require('W:\domains\emai...')
#13 W:\domains\email.local\framework\web\CBaseController.php(96): CBaseController->renderInternal('W:\domains\emai...', Array, true)
#14 W:\domains\email.local\framework\web\CController.php(785): CBaseController->renderFile('W:\domains\emai...', Array, true)
#15 W:\domains\email.local\protected\controllers\SiteController.php(32): CController->render('index')
#16 W:\domains\email.local\framework\web\actions\CInlineAction.php(50): SiteController->actionIndex()
#17 W:\domains\email.local\framework\web\CController.php(309): CInlineAction->runWithParams(Array)
#18 W:\domains\email.local\framework\web\CController.php(287): CController->runAction(Object(CInlineAction))
#19 W:\domains\email.local\framework\web\CController.php(266): CController->runActionWithFilters(Object(CInlineAction), Array)
#20 W:\domains\email.local\framework\web\CWebApplication.php(283): CController->run('')
#21 W:\domains\email.local\framework\web\CWebApplication.php(142): CWebApplication->runController('')
#22 W:\domains\email.local\framework\base\CApplication.php(162): CWebApplication->processRequest()
#23 W:\domains\email.local\index.php(13): CApplication->run()
#24 {main}
REQUEST_URI=/
---
2012/12/26 13:46:11 [error] [exception.CException] exception 'CException' with message 'Alias "bootstrap.widgets.TbBreadcrumbs" is invalid. Make sure it points to an existing directory or file.' in W:\domains\email.local\framework\YiiBase.php:343
Stack trace:
#0 W:\domains\email.local\framework\web\CWidgetFactory.php(147): YiiBase::import('bootstrap.widge...', true)
#1 W:\domains\email.local\framework\web\CBaseController.php(147): CWidgetFactory->createWidget(Object(SiteController), 'bootstrap.widge...', Array)
#2 W:\domains\email.local\framework\web\CBaseController.php(173): CBaseController->createWidget('bootstrap.widge...', Array)
#3 W:\domains\email.local\protected\views\layouts\main.php(80): CBaseController->widget('bootstrap.widge...', Array)
#4 W:\domains\email.local\framework\web\CBaseController.php(127): require('W:\domains\emai...')
#5 W:\domains\email.local\framework\web\CBaseController.php(96): CBaseController->renderInternal('W:\domains\emai...', Array, true)
#6 W:\domains\email.local\framework\web\widgets\CContentDecorator.php(77): CBaseController->renderFile('W:\domains\emai...', Array, true)
#7 W:\domains\email.local\framework\web\widgets\CContentDecorator.php(55): CContentDecorator->decorate('<div id="conten...')
#8 W:\domains\email.local\framework\web\widgets\COutputProcessor.php(45): CContentDecorator->processOutput('<div id="conten...')
#9 W:\domains\email.local\framework\web\CBaseController.php(207): COutputProcessor->run()
#10 W:\domains\email.local\framework\web\CBaseController.php(301): CBaseController->endWidget('CContentDecorat...')
#11 W:\domains\email.local\protected\views\layouts\column1.php(6): CBaseController->endContent()
#12 W:\domains\email.local\framework\web\CBaseController.php(127): require('W:\domains\emai...')
#13 W:\domains\email.local\framework\web\CBaseController.php(96): CBaseController->renderInternal('W:\domains\emai...', Array, true)
#14 W:\domains\email.local\framework\web\CController.php(785): CBaseController->renderFile('W:\domains\emai...', Array, true)
#15 W:\domains\email.local\protected\controllers\SiteController.php(32): CController->render('index')
#16 W:\domains\email.local\framework\web\actions\CInlineAction.php(50): SiteController->actionIndex()
#17 W:\domains\email.local\framework\web\CController.php(309): CInlineAction->runWithParams(Array)
#18 W:\domains\email.local\framework\web\CController.php(287): CController->runAction(Object(CInlineAction))
#19 W:\domains\email.local\framework\web\CController.php(266): CController->runActionWithFilters(Object(CInlineAction), Array)
#20 W:\domains\email.local\framework\web\CWebApplication.php(283): CController->run('')
#21 W:\domains\email.local\framework\web\CWebApplication.php(142): CWebApplication->runController('')
#22 W:\domains\email.local\framework\base\CApplication.php(162): CWebApplication->processRequest()
#23 W:\domains\email.local\index.php(13): CApplication->run()
#24 {main}
REQUEST_URI=/
---
2012/12/26 13:46:28 [error] [exception.CException] exception 'CException' with message 'Alias "bootstrap.widgets.TbBreadcrumbs" is invalid. Make sure it points to an existing directory or file.' in W:\domains\email.local\framework\YiiBase.php:343
Stack trace:
#0 W:\domains\email.local\framework\web\CWidgetFactory.php(147): YiiBase::import('bootstrap.widge...', true)
#1 W:\domains\email.local\framework\web\CBaseController.php(147): CWidgetFactory->createWidget(Object(SiteController), 'bootstrap.widge...', Array)
#2 W:\domains\email.local\framework\web\CBaseController.php(173): CBaseController->createWidget('bootstrap.widge...', Array)
#3 W:\domains\email.local\protected\views\layouts\main.php(80): CBaseController->widget('bootstrap.widge...', Array)
#4 W:\domains\email.local\framework\web\CBaseController.php(127): require('W:\domains\emai...')
#5 W:\domains\email.local\framework\web\CBaseController.php(96): CBaseController->renderInternal('W:\domains\emai...', Array, true)
#6 W:\domains\email.local\framework\web\widgets\CContentDecorator.php(77): CBaseController->renderFile('W:\domains\emai...', Array, true)
#7 W:\domains\email.local\framework\web\widgets\CContentDecorator.php(55): CContentDecorator->decorate('<div id="conten...')
#8 W:\domains\email.local\framework\web\widgets\COutputProcessor.php(45): CContentDecorator->processOutput('<div id="conten...')
#9 W:\domains\email.local\framework\web\CBaseController.php(207): COutputProcessor->run()
#10 W:\domains\email.local\framework\web\CBaseController.php(301): CBaseController->endWidget('CContentDecorat...')
#11 W:\domains\email.local\protected\views\layouts\column1.php(6): CBaseController->endContent()
#12 W:\domains\email.local\framework\web\CBaseController.php(127): require('W:\domains\emai...')
#13 W:\domains\email.local\framework\web\CBaseController.php(96): CBaseController->renderInternal('W:\domains\emai...', Array, true)
#14 W:\domains\email.local\framework\web\CController.php(785): CBaseController->renderFile('W:\domains\emai...', Array, true)
#15 W:\domains\email.local\protected\controllers\SiteController.php(32): CController->render('index')
#16 W:\domains\email.local\framework\web\actions\CInlineAction.php(50): SiteController->actionIndex()
#17 W:\domains\email.local\framework\web\CController.php(309): CInlineAction->runWithParams(Array)
#18 W:\domains\email.local\framework\web\CController.php(287): CController->runAction(Object(CInlineAction))
#19 W:\domains\email.local\framework\web\CController.php(266): CController->runActionWithFilters(Object(CInlineAction), Array)
#20 W:\domains\email.local\framework\web\CWebApplication.php(283): CController->run('')
#21 W:\domains\email.local\framework\web\CWebApplication.php(142): CWebApplication->runController('')
#22 W:\domains\email.local\framework\base\CApplication.php(162): CWebApplication->processRequest()
#23 W:\domains\email.local\index.php(13): CApplication->run()
#24 {main}
REQUEST_URI=/
---
2012/12/26 13:46:35 [error] [exception.CException] exception 'CException' with message 'Alias "bootstrap.widgets.tbbreadcrumbs" is invalid. Make sure it points to an existing directory or file.' in W:\domains\email.local\framework\YiiBase.php:343
Stack trace:
#0 W:\domains\email.local\framework\web\CWidgetFactory.php(147): YiiBase::import('bootstrap.widge...', true)
#1 W:\domains\email.local\framework\web\CBaseController.php(147): CWidgetFactory->createWidget(Object(SiteController), 'bootstrap.widge...', Array)
#2 W:\domains\email.local\framework\web\CBaseController.php(173): CBaseController->createWidget('bootstrap.widge...', Array)
#3 W:\domains\email.local\protected\views\layouts\main.php(80): CBaseController->widget('bootstrap.widge...', Array)
#4 W:\domains\email.local\framework\web\CBaseController.php(127): require('W:\domains\emai...')
#5 W:\domains\email.local\framework\web\CBaseController.php(96): CBaseController->renderInternal('W:\domains\emai...', Array, true)
#6 W:\domains\email.local\framework\web\widgets\CContentDecorator.php(77): CBaseController->renderFile('W:\domains\emai...', Array, true)
#7 W:\domains\email.local\framework\web\widgets\CContentDecorator.php(55): CContentDecorator->decorate('<div id="conten...')
#8 W:\domains\email.local\framework\web\widgets\COutputProcessor.php(45): CContentDecorator->processOutput('<div id="conten...')
#9 W:\domains\email.local\framework\web\CBaseController.php(207): COutputProcessor->run()
#10 W:\domains\email.local\framework\web\CBaseController.php(301): CBaseController->endWidget('CContentDecorat...')
#11 W:\domains\email.local\protected\views\layouts\column1.php(6): CBaseController->endContent()
#12 W:\domains\email.local\framework\web\CBaseController.php(127): require('W:\domains\emai...')
#13 W:\domains\email.local\framework\web\CBaseController.php(96): CBaseController->renderInternal('W:\domains\emai...', Array, true)
#14 W:\domains\email.local\framework\web\CController.php(785): CBaseController->renderFile('W:\domains\emai...', Array, true)
#15 W:\domains\email.local\protected\controllers\SiteController.php(32): CController->render('index')
#16 W:\domains\email.local\framework\web\actions\CInlineAction.php(50): SiteController->actionIndex()
#17 W:\domains\email.local\framework\web\CController.php(309): CInlineAction->runWithParams(Array)
#18 W:\domains\email.local\framework\web\CController.php(287): CController->runAction(Object(CInlineAction))
#19 W:\domains\email.local\framework\web\CController.php(266): CController->runActionWithFilters(Object(CInlineAction), Array)
#20 W:\domains\email.local\framework\web\CWebApplication.php(283): CController->run('')
#21 W:\domains\email.local\framework\web\CWebApplication.php(142): CWebApplication->runController('')
#22 W:\domains\email.local\framework\base\CApplication.php(162): CWebApplication->processRequest()
#23 W:\domains\email.local\index.php(13): CApplication->run()
#24 {main}
REQUEST_URI=/
---
2012/12/26 13:47:00 [error] [exception.CException] exception 'CException' with message 'Alias "bootstrap.widgets.TbBreadcrumbs" is invalid. Make sure it points to an existing directory or file.' in W:\domains\email.local\framework\YiiBase.php:343
Stack trace:
#0 W:\domains\email.local\framework\web\CWidgetFactory.php(147): YiiBase::import('bootstrap.widge...', true)
#1 W:\domains\email.local\framework\web\CBaseController.php(147): CWidgetFactory->createWidget(Object(SiteController), 'bootstrap.widge...', Array)
#2 W:\domains\email.local\framework\web\CBaseController.php(173): CBaseController->createWidget('bootstrap.widge...', Array)
#3 W:\domains\email.local\protected\views\layouts\main.php(80): CBaseController->widget('bootstrap.widge...', Array)
#4 W:\domains\email.local\framework\web\CBaseController.php(127): require('W:\domains\emai...')
#5 W:\domains\email.local\framework\web\CBaseController.php(96): CBaseController->renderInternal('W:\domains\emai...', Array, true)
#6 W:\domains\email.local\framework\web\widgets\CContentDecorator.php(77): CBaseController->renderFile('W:\domains\emai...', Array, true)
#7 W:\domains\email.local\framework\web\widgets\CContentDecorator.php(55): CContentDecorator->decorate('<div id="conten...')
#8 W:\domains\email.local\framework\web\widgets\COutputProcessor.php(45): CContentDecorator->processOutput('<div id="conten...')
#9 W:\domains\email.local\framework\web\CBaseController.php(207): COutputProcessor->run()
#10 W:\domains\email.local\framework\web\CBaseController.php(301): CBaseController->endWidget('CContentDecorat...')
#11 W:\domains\email.local\protected\views\layouts\column1.php(6): CBaseController->endContent()
#12 W:\domains\email.local\framework\web\CBaseController.php(127): require('W:\domains\emai...')
#13 W:\domains\email.local\framework\web\CBaseController.php(96): CBaseController->renderInternal('W:\domains\emai...', Array, true)
#14 W:\domains\email.local\framework\web\CController.php(785): CBaseController->renderFile('W:\domains\emai...', Array, true)
#15 W:\domains\email.local\protected\controllers\SiteController.php(32): CController->render('index')
#16 W:\domains\email.local\framework\web\actions\CInlineAction.php(50): SiteController->actionIndex()
#17 W:\domains\email.local\framework\web\CController.php(309): CInlineAction->runWithParams(Array)
#18 W:\domains\email.local\framework\web\CController.php(287): CController->runAction(Object(CInlineAction))
#19 W:\domains\email.local\framework\web\CController.php(266): CController->runActionWithFilters(Object(CInlineAction), Array)
#20 W:\domains\email.local\framework\web\CWebApplication.php(283): CController->run('')
#21 W:\domains\email.local\framework\web\CWebApplication.php(142): CWebApplication->runController('')
#22 W:\domains\email.local\framework\base\CApplication.php(162): CWebApplication->processRequest()
#23 W:\domains\email.local\index.php(13): CApplication->run()
#24 {main}
REQUEST_URI=/
---
2012/12/26 13:47:09 [error] [exception.CException] exception 'CException' with message 'Alias "bootstrap.widgets.TbBreadcrumbs" is invalid. Make sure it points to an existing directory or file.' in W:\domains\email.local\framework\YiiBase.php:343
Stack trace:
#0 W:\domains\email.local\framework\web\CWidgetFactory.php(147): YiiBase::import('bootstrap.widge...', true)
#1 W:\domains\email.local\framework\web\CBaseController.php(147): CWidgetFactory->createWidget(Object(SiteController), 'bootstrap.widge...', Array)
#2 W:\domains\email.local\framework\web\CBaseController.php(173): CBaseController->createWidget('bootstrap.widge...', Array)
#3 W:\domains\email.local\protected\views\layouts\main.php(80): CBaseController->widget('bootstrap.widge...', Array)
#4 W:\domains\email.local\framework\web\CBaseController.php(127): require('W:\domains\emai...')
#5 W:\domains\email.local\framework\web\CBaseController.php(96): CBaseController->renderInternal('W:\domains\emai...', Array, true)
#6 W:\domains\email.local\framework\web\widgets\CContentDecorator.php(77): CBaseController->renderFile('W:\domains\emai...', Array, true)
#7 W:\domains\email.local\framework\web\widgets\CContentDecorator.php(55): CContentDecorator->decorate('<div id="conten...')
#8 W:\domains\email.local\framework\web\widgets\COutputProcessor.php(45): CContentDecorator->processOutput('<div id="conten...')
#9 W:\domains\email.local\framework\web\CBaseController.php(207): COutputProcessor->run()
#10 W:\domains\email.local\framework\web\CBaseController.php(301): CBaseController->endWidget('CContentDecorat...')
#11 W:\domains\email.local\protected\views\layouts\column1.php(6): CBaseController->endContent()
#12 W:\domains\email.local\framework\web\CBaseController.php(127): require('W:\domains\emai...')
#13 W:\domains\email.local\framework\web\CBaseController.php(96): CBaseController->renderInternal('W:\domains\emai...', Array, true)
#14 W:\domains\email.local\framework\web\CController.php(785): CBaseController->renderFile('W:\domains\emai...', Array, true)
#15 W:\domains\email.local\protected\controllers\SiteController.php(32): CController->render('index')
#16 W:\domains\email.local\framework\web\actions\CInlineAction.php(50): SiteController->actionIndex()
#17 W:\domains\email.local\framework\web\CController.php(309): CInlineAction->runWithParams(Array)
#18 W:\domains\email.local\framework\web\CController.php(287): CController->runAction(Object(CInlineAction))
#19 W:\domains\email.local\framework\web\CController.php(266): CController->runActionWithFilters(Object(CInlineAction), Array)
#20 W:\domains\email.local\framework\web\CWebApplication.php(283): CController->run('')
#21 W:\domains\email.local\framework\web\CWebApplication.php(142): CWebApplication->runController('')
#22 W:\domains\email.local\framework\base\CApplication.php(162): CWebApplication->processRequest()
#23 W:\domains\email.local\index.php(13): CApplication->run()
#24 {main}
REQUEST_URI=/
---
2012/12/26 13:51:36 [error] [exception.CException] exception 'CException' with message 'Property "TbMenu.class" is not defined.' in W:\domains\email.local\framework\base\CComponent.php:174
Stack trace:
#0 W:\domains\email.local\framework\web\CWidgetFactory.php(162): CComponent->__set('class', 'section-nav nop...')
#1 W:\domains\email.local\framework\web\CBaseController.php(147): CWidgetFactory->createWidget(Object(SiteController), 'bootstrap.widge...', Array)
#2 W:\domains\email.local\framework\web\CBaseController.php(173): CBaseController->createWidget('bootstrap.widge...', Array)
#3 W:\domains\email.local\protected\views\layouts\main.php(88): CBaseController->widget('bootstrap.widge...', Array)
#4 W:\domains\email.local\framework\web\CBaseController.php(127): require('W:\domains\emai...')
#5 W:\domains\email.local\framework\web\CBaseController.php(96): CBaseController->renderInternal('W:\domains\emai...', Array, true)
#6 W:\domains\email.local\framework\web\widgets\CContentDecorator.php(77): CBaseController->renderFile('W:\domains\emai...', Array, true)
#7 W:\domains\email.local\framework\web\widgets\CContentDecorator.php(55): CContentDecorator->decorate('<div id="conten...')
#8 W:\domains\email.local\framework\web\widgets\COutputProcessor.php(45): CContentDecorator->processOutput('<div id="conten...')
#9 W:\domains\email.local\framework\web\CBaseController.php(207): COutputProcessor->run()
#10 W:\domains\email.local\framework\web\CBaseController.php(301): CBaseController->endWidget('CContentDecorat...')
#11 W:\domains\email.local\protected\views\layouts\column1.php(6): CBaseController->endContent()
#12 W:\domains\email.local\framework\web\CBaseController.php(127): require('W:\domains\emai...')
#13 W:\domains\email.local\framework\web\CBaseController.php(96): CBaseController->renderInternal('W:\domains\emai...', Array, true)
#14 W:\domains\email.local\framework\web\CController.php(785): CBaseController->renderFile('W:\domains\emai...', Array, true)
#15 W:\domains\email.local\protected\controllers\SiteController.php(32): CController->render('index')
#16 W:\domains\email.local\framework\web\actions\CInlineAction.php(50): SiteController->actionIndex()
#17 W:\domains\email.local\framework\web\CController.php(309): CInlineAction->runWithParams(Array)
#18 W:\domains\email.local\framework\web\CController.php(287): CController->runAction(Object(CInlineAction))
#19 W:\domains\email.local\framework\web\CController.php(266): CController->runActionWithFilters(Object(CInlineAction), Array)
#20 W:\domains\email.local\framework\web\CWebApplication.php(283): CController->run('')
#21 W:\domains\email.local\framework\web\CWebApplication.php(142): CWebApplication->runController('')
#22 W:\domains\email.local\framework\base\CApplication.php(162): CWebApplication->processRequest()
#23 W:\domains\email.local\index.php(13): CApplication->run()
#24 {main}
REQUEST_URI=/
---
2012/12/26 16:34:48 [error] [exception.CException] exception 'CException' with message 'Property "CMenu.class" is not defined.' in W:\domains\email.local\framework\base\CComponent.php:174
Stack trace:
#0 W:\domains\email.local\framework\web\CWidgetFactory.php(162): CComponent->__set('class', 'f-nav-menu')
#1 W:\domains\email.local\framework\web\CBaseController.php(147): CWidgetFactory->createWidget(Object(SiteController), 'zii.widgets.CMe...', Array)
#2 W:\domains\email.local\framework\web\CBaseController.php(173): CBaseController->createWidget('zii.widgets.CMe...', Array)
#3 W:\domains\email.local\protected\views\layouts\main.php(173): CBaseController->widget('zii.widgets.CMe...', Array)
#4 W:\domains\email.local\framework\web\CBaseController.php(127): require('W:\domains\emai...')
#5 W:\domains\email.local\framework\web\CBaseController.php(96): CBaseController->renderInternal('W:\domains\emai...', Array, true)
#6 W:\domains\email.local\framework\web\widgets\CContentDecorator.php(77): CBaseController->renderFile('W:\domains\emai...', Array, true)
#7 W:\domains\email.local\framework\web\widgets\CContentDecorator.php(55): CContentDecorator->decorate('??<h1>Welcome t...')
#8 W:\domains\email.local\framework\web\widgets\COutputProcessor.php(45): CContentDecorator->processOutput('??<h1>Welcome t...')
#9 W:\domains\email.local\framework\web\CBaseController.php(207): COutputProcessor->run()
#10 W:\domains\email.local\framework\web\CBaseController.php(301): CBaseController->endWidget('CContentDecorat...')
#11 W:\domains\email.local\protected\views\layouts\column1.php(4): CBaseController->endContent()
#12 W:\domains\email.local\framework\web\CBaseController.php(127): require('W:\domains\emai...')
#13 W:\domains\email.local\framework\web\CBaseController.php(96): CBaseController->renderInternal('W:\domains\emai...', Array, true)
#14 W:\domains\email.local\framework\web\CController.php(785): CBaseController->renderFile('W:\domains\emai...', Array, true)
#15 W:\domains\email.local\protected\controllers\SiteController.php(32): CController->render('index')
#16 W:\domains\email.local\framework\web\actions\CInlineAction.php(50): SiteController->actionIndex()
#17 W:\domains\email.local\framework\web\CController.php(309): CInlineAction->runWithParams(Array)
#18 W:\domains\email.local\framework\web\CController.php(287): CController->runAction(Object(CInlineAction))
#19 W:\domains\email.local\framework\web\CController.php(266): CController->runActionWithFilters(Object(CInlineAction), Array)
#20 W:\domains\email.local\framework\web\CWebApplication.php(283): CController->run('')
#21 W:\domains\email.local\framework\web\CWebApplication.php(142): CWebApplication->runController('')
#22 W:\domains\email.local\framework\base\CApplication.php(162): CWebApplication->processRequest()
#23 W:\domains\email.local\index.php(13): CApplication->run()
#24 {main}
REQUEST_URI=/
---
2012/12/26 18:57:47 [error] [php] include(Post.php) [<a href='function.include'>function.include</a>]: failed to open stream: No such file or directory (W:\domains\email.local\framework\YiiBase.php:423)
Stack trace:
#0 W:\domains\email.local\framework\db\ar\CActiveRecord.php(387): spl_autoload_call()
#1 W:\domains\email.local\framework\web\CActiveDataProvider.php(75): model()
#2 W:\domains\email.local\protected\views\site\index.php(6): CActiveDataProvider->__construct()
#3 W:\domains\email.local\framework\web\CBaseController.php(127): require()
#4 W:\domains\email.local\framework\web\CBaseController.php(96): SiteController->renderInternal()
#5 W:\domains\email.local\framework\web\CController.php(870): SiteController->renderFile()
#6 W:\domains\email.local\framework\web\CController.php(783): SiteController->renderPartial()
#7 W:\domains\email.local\protected\controllers\SiteController.php(32): SiteController->render()
#8 W:\domains\email.local\framework\web\actions\CInlineAction.php(50): SiteController->actionIndex()
#9 W:\domains\email.local\framework\web\CController.php(309): CInlineAction->runWithParams()
#10 W:\domains\email.local\framework\web\CController.php(287): SiteController->runAction()
#11 W:\domains\email.local\framework\web\CController.php(266): SiteController->runActionWithFilters()
#12 W:\domains\email.local\framework\web\CWebApplication.php(283): SiteController->run()
#13 W:\domains\email.local\framework\web\CWebApplication.php(142): CWebApplication->runController()
#14 W:\domains\email.local\framework\base\CApplication.php(162): CWebApplication->processRequest()
#15 W:\domains\email.local\index.php(13): CWebApplication->run()
REQUEST_URI=/
in W:\domains\email.local\protected\views\site\index.php (6)
in W:\domains\email.local\protected\controllers\SiteController.php (32)
in W:\domains\email.local\index.php (13)
2012/12/26 18:57:54 [error] [php] Missing argument 1 for CActiveDataProvider::__construct(), called in W:\domains\email.local\protected\views\site\index.php on line 6 and defined (W:\domains\email.local\framework\web\CActiveDataProvider.php:70)
Stack trace:
#0 W:\domains\email.local\framework\web\CBaseController.php(96): SiteController->renderInternal()
#1 W:\domains\email.local\framework\web\CController.php(870): SiteController->renderFile()
#2 W:\domains\email.local\framework\web\CController.php(783): SiteController->renderPartial()
#3 W:\domains\email.local\protected\controllers\SiteController.php(32): SiteController->render()
#4 W:\domains\email.local\framework\web\actions\CInlineAction.php(50): SiteController->actionIndex()
#5 W:\domains\email.local\framework\web\CController.php(309): CInlineAction->runWithParams()
#6 W:\domains\email.local\framework\web\CController.php(287): SiteController->runAction()
#7 W:\domains\email.local\framework\web\CController.php(266): SiteController->runActionWithFilters()
#8 W:\domains\email.local\framework\web\CWebApplication.php(283): SiteController->run()
#9 W:\domains\email.local\framework\web\CWebApplication.php(142): CWebApplication->runController()
#10 W:\domains\email.local\framework\base\CApplication.php(162): CWebApplication->processRequest()
#11 W:\domains\email.local\index.php(13): CWebApplication->run()
REQUEST_URI=/
in W:\domains\email.local\protected\views\site\index.php (6)
in W:\domains\email.local\protected\controllers\SiteController.php (32)
in W:\domains\email.local\index.php (13)
2013/01/14 12:20:05 [error] [exception.CException] exception 'CException' with message 'SiteController cannot find the requested view "newletter".' in W:\domains\emails\framework\web\CController.php:879
Stack trace:
#0 W:\domains\emails\framework\web\CController.php(783): CController->renderPartial('newletter', NULL, true)
#1 W:\domains\emails\protected\controllers\SiteController.php(81): CController->render('newletter')
#2 W:\domains\emails\framework\web\actions\CInlineAction.php(50): SiteController->actionNewletter()
#3 W:\domains\emails\framework\web\CController.php(309): CInlineAction->runWithParams(Array)
#4 W:\domains\emails\framework\web\CController.php(287): CController->runAction(Object(CInlineAction))
#5 W:\domains\emails\framework\web\CController.php(266): CController->runActionWithFilters(Object(CInlineAction), Array)
#6 W:\domains\emails\framework\web\CWebApplication.php(283): CController->run('newletter')
#7 W:\domains\emails\framework\web\CWebApplication.php(142): CWebApplication->runController('site/newletter')
#8 W:\domains\emails\framework\base\CApplication.php(162): CWebApplication->processRequest()
#9 W:\domains\emails\index.php(13): CApplication->run()
#10 {main}
REQUEST_URI=/index.php?r=site/newletter
HTTP_REFERER=http://emails/index.php?r=site/index
---
2013/01/14 14:04:41 [error] [php] include(ImperaviRedactorWidget.php) [<a href='function.include'>function.include</a>]: failed to open stream: No such file or directory (W:\domains\emails\framework\YiiBase.php:423)
Stack trace:
#0 W:\domains\emails\framework\web\CWidgetFactory.php(147): import()
#1 W:\domains\emails\framework\web\CBaseController.php(147): CWidgetFactory->createWidget()
#2 W:\domains\emails\framework\web\CBaseController.php(173): SiteController->createWidget()
#3 W:\domains\emails\protected\views\site\newletter.php(110): SiteController->widget()
#4 W:\domains\emails\framework\web\CBaseController.php(127): require()
#5 W:\domains\emails\framework\web\CBaseController.php(96): SiteController->renderInternal()
#6 W:\domains\emails\framework\web\CController.php(870): SiteController->renderFile()
#7 W:\domains\emails\framework\web\CController.php(783): SiteController->renderPartial()
#8 W:\domains\emails\protected\controllers\SiteController.php(81): SiteController->render()
#9 W:\domains\emails\framework\web\actions\CInlineAction.php(50): SiteController->actionNewletter()
#10 W:\domains\emails\framework\web\CController.php(309): CInlineAction->runWithParams()
#11 W:\domains\emails\framework\web\CController.php(287): SiteController->runAction()
#12 W:\domains\emails\framework\web\CController.php(266): SiteController->runActionWithFilters()
#13 W:\domains\emails\framework\web\CWebApplication.php(283): SiteController->run()
#14 W:\domains\emails\framework\web\CWebApplication.php(142): CWebApplication->runController()
#15 W:\domains\emails\framework\base\CApplication.php(162): CWebApplication->processRequest()
#16 W:\domains\emails\index.php(13): CWebApplication->run()
REQUEST_URI=/index.php?r=site/newletter
in W:\domains\emails\protected\views\site\newletter.php (110)
in W:\domains\emails\protected\controllers\SiteController.php (81)
in W:\domains\emails\index.php (13)
2013/01/14 14:04:52 [error] [exception.CException] exception 'CException' with message 'Alias "ext.ImperaviRedactorWidget" is invalid. Make sure it points to an existing PHP file and the file is readable.' in W:\domains\emails\framework\YiiBase.php:318
Stack trace:
#0 W:\domains\emails\framework\web\CWidgetFactory.php(147): YiiBase::import('ext.ImperaviRed...', true)
#1 W:\domains\emails\framework\web\CBaseController.php(147): CWidgetFactory->createWidget(Object(SiteController), 'ext.ImperaviRed...', Array)
#2 W:\domains\emails\framework\web\CBaseController.php(173): CBaseController->createWidget('ext.ImperaviRed...', Array)
#3 W:\domains\emails\protected\views\site\newletter.php(110): CBaseController->widget('ext.ImperaviRed...', Array)
#4 W:\domains\emails\framework\web\CBaseController.php(127): require('W:\domains\emai...')
#5 W:\domains\emails\framework\web\CBaseController.php(96): CBaseController->renderInternal('W:\domains\emai...', NULL, true)
#6 W:\domains\emails\framework\web\CController.php(870): CBaseController->renderFile('W:\domains\emai...', NULL, true)
#7 W:\domains\emails\framework\web\CController.php(783): CController->renderPartial('newletter', NULL, true)
#8 W:\domains\emails\protected\controllers\SiteController.php(81): CController->render('newletter')
#9 W:\domains\emails\framework\web\actions\CInlineAction.php(50): SiteController->actionNewletter()
#10 W:\domains\emails\framework\web\CController.php(309): CInlineAction->runWithParams(Array)
#11 W:\domains\emails\framework\web\CController.php(287): CController->runAction(Object(CInlineAction))
#12 W:\domains\emails\framework\web\CController.php(266): CController->runActionWithFilters(Object(CInlineAction), Array)
#13 W:\domains\emails\framework\web\CWebApplication.php(283): CController->run('newletter')
#14 W:\domains\emails\framework\web\CWebApplication.php(142): CWebApplication->runController('site/newletter')
#15 W:\domains\emails\framework\base\CApplication.php(162): CWebApplication->processRequest()
#16 W:\domains\emails\index.php(13): CApplication->run()
#17 {main}
REQUEST_URI=/index.php?r=site/newletter
HTTP_REFERER=http://emails/index.php?r=site/search
---
2013/01/14 14:05:18 [error] [exception.CException] exception 'CException' with message 'ImperaviRedactorWidget must specify "model" and "attribute" or "name" property values.' in W:\domains\emails\framework\web\widgets\CInputWidget.php:61
Stack trace:
#0 W:\domains\emails\protected\extensions\imperavi-redactor-widget\ImperaviRedactorWidget.php(74): CInputWidget->resolveNameID()
#1 W:\domains\emails\framework\web\CBaseController.php(148): ImperaviRedactorWidget->init()
#2 W:\domains\emails\framework\web\CBaseController.php(173): CBaseController->createWidget('ext.imperavi-re...', Array)
#3 W:\domains\emails\protected\views\site\newletter.php(110): CBaseController->widget('ext.imperavi-re...', Array)
#4 W:\domains\emails\framework\web\CBaseController.php(127): require('W:\domains\emai...')
#5 W:\domains\emails\framework\web\CBaseController.php(96): CBaseController->renderInternal('W:\domains\emai...', NULL, true)
#6 W:\domains\emails\framework\web\CController.php(870): CBaseController->renderFile('W:\domains\emai...', NULL, true)
#7 W:\domains\emails\framework\web\CController.php(783): CController->renderPartial('newletter', NULL, true)
#8 W:\domains\emails\protected\controllers\SiteController.php(81): CController->render('newletter')
#9 W:\domains\emails\framework\web\actions\CInlineAction.php(50): SiteController->actionNewletter()
#10 W:\domains\emails\framework\web\CController.php(309): CInlineAction->runWithParams(Array)
#11 W:\domains\emails\framework\web\CController.php(287): CController->runAction(Object(CInlineAction))
#12 W:\domains\emails\framework\web\CController.php(266): CController->runActionWithFilters(Object(CInlineAction), Array)
#13 W:\domains\emails\framework\web\CWebApplication.php(283): CController->run('newletter')
#14 W:\domains\emails\framework\web\CWebApplication.php(142): CWebApplication->runController('site/newletter')
#15 W:\domains\emails\framework\base\CApplication.php(162): CWebApplication->processRequest()
#16 W:\domains\emails\index.php(13): CApplication->run()
#17 {main}
REQUEST_URI=/index.php?r=site/newletter
HTTP_REFERER=http://emails/index.php?r=site/search
---
2013/01/14 19:02:01 [error] [exception.CException] exception 'CException' with message 'SiteController cannot find the requested view "newletter2".' in W:\domains\emails\framework\web\CController.php:879
Stack trace:
#0 W:\domains\emails\framework\web\CController.php(783): CController->renderPartial('newletter2', NULL, true)
#1 W:\domains\emails\protected\controllers\SiteController.php(71): CController->render('newletter2')
#2 W:\domains\emails\framework\web\actions\CInlineAction.php(50): SiteController->actionNewletter()
#3 W:\domains\emails\framework\web\CController.php(309): CInlineAction->runWithParams(Array)
#4 W:\domains\emails\framework\web\CController.php(287): CController->runAction(Object(CInlineAction))
#5 W:\domains\emails\framework\web\CController.php(266): CController->runActionWithFilters(Object(CInlineAction), Array)
#6 W:\domains\emails\framework\web\CWebApplication.php(283): CController->run('newletter')
#7 W:\domains\emails\framework\web\CWebApplication.php(142): CWebApplication->runController('site/newletter')
#8 W:\domains\emails\framework\base\CApplication.php(162): CWebApplication->processRequest()
#9 W:\domains\emails\index.php(13): CApplication->run()
#10 {main}
REQUEST_URI=/index.php?r=site/newletter
HTTP_REFERER=http://emails/index.php?r=site/newletter
---
